This file contains any messages produced by compilers while
running configure, to aid debugging if configure makes a mistake.

It was created by jpgtn configure 2.07, which was
generated by GNU Autoconf 2.67.  Invocation command line was

  $ ./configure 

## --------- ##
## Platform. ##
## --------- ##

hostname = debian
uname -m = x86_64
uname -r = 4.9.0-4-amd64
uname -s = Linux
uname -v = #1 SMP Debian 4.9.51-1 (2017-09-28)

/usr/bin/uname -p = unknown
/bin/uname -X     = unknown

/bin/arch              = unknown
/usr/bin/arch -k       = unknown
/usr/convex/getsysinfo = unknown
/usr/bin/hostinfo      = unknown
/bin/machine           = unknown
/usr/bin/oslevel       = unknown
/bin/universe          = unknown

PATH: /usr/local/sbin
PATH: /usr/local/bin
PATH: /usr/sbin
PATH: /usr/bin
PATH: /sbin
PATH: /bin


## ----------- ##
## Core tests. ##
## ----------- ##

configure:2163: checking for a BSD-compatible install
configure:2231: result: /usr/bin/install -c
configure:2242: checking whether build environment is sane
configure:2292: result: yes
configure:2433: checking for a thread-safe mkdir -p
configure:2472: result: /bin/mkdir -p
configure:2485: checking for gawk
configure:2501: found /usr/bin/gawk
configure:2512: result: gawk
configure:2523: checking whether make sets $(MAKE)
configure:2545: result: yes
configure:2676: checking for gcc
configure:2692: found /usr/bin/gcc
configure:2703: result: gcc
configure:2932: checking for C compiler version
configure:2941: gcc --version >&5
gcc (Debian 6.3.0-18) 6.3.0 20170516
Copyright (C) 2016 Free Software Foundation, Inc.
This is free software; see the source for copying conditions.  There is NO
warranty; not even for MERCHANTABILITY or FITNESS FOR A PARTICULAR PURPOSE.

configure:2952: $? = 0
configure:2941: gcc -v >&5
Using built-in specs.
COLLECT_GCC=gcc
COLLECT_LTO_WRAPPER=/usr/lib/gcc/x86_64-linux-gnu/6/lto-wrapper
Target: x86_64-linux-gnu
Configured with: ../src/configure -v --with-pkgversion='Debian 6.3.0-18' --with-bugurl=file:///usr/share/doc/gcc-6/README.Bugs --enable-languages=c,ada,c++,java,go,d,fortran,objc,obj-c++ --prefix=/usr --program-suffix=-6 --program-prefix=x86_64-linux-gnu- --enable-shared --enable-linker-build-id --libexecdir=/usr/lib --without-included-gettext --enable-threads=posix --libdir=/usr/lib --enable-nls --with-sysroot=/ --enable-clocale=gnu --enable-libstdcxx-debug --enable-libstdcxx-time=yes --with-default-libstdcxx-abi=new --enable-gnu-unique-object --disable-vtable-verify --enable-libmpx --enable-plugin --enable-default-pie --with-system-zlib --disable-browser-plugin --enable-java-awt=gtk --enable-gtk-cairo --with-java-home=/usr/lib/jvm/java-1.5.0-gcj-6-amd64/jre --enable-java-home --with-jvm-root-dir=/usr/lib/jvm/java-1.5.0-gcj-6-amd64 --with-jvm-jar-dir=/usr/lib/jvm-exports/java-1.5.0-gcj-6-amd64 --with-arch-directory=amd64 --with-ecj-jar=/usr/share/java/eclipse-ecj.jar --with-target-system-zlib --enable-objc-gc=auto --enable-multiarch --with-arch-32=i686 --with-abi=m64 --with-multilib-list=m32,m64,mx32 --enable-multilib --with-tune=generic --enable-checking=release --build=x86_64-linux-gnu --host=x86_64-linux-gnu --target=x86_64-linux-gnu
Thread model: posix
gcc version 6.3.0 20170516 (Debian 6.3.0-18) 
configure:2952: $? = 0
configure:2941: gcc -V >&5
gcc: error: unrecognized command line option '-V'
gcc: fatal error: no input files
compilation terminated.
configure:2952: $? = 1
configure:2941: gcc -qversion >&5
gcc: error: unrecognized command line option '-qversion'; did you mean '--version'?
gcc: fatal error: no input files
compilation terminated.
configure:2952: $? = 1
configure:2972: checking whether the C compiler works
configure:2994: gcc    conftest.c  >&5
configure:2998: $? = 0
configure:3046: result: yes
configure:3049: checking for C compiler default output file name
configure:3051: result: a.out
configure:3057: checking for suffix of executables
configure:3064: gcc -o conftest    conftest.c  >&5
configure:3068: $? = 0
configure:3090: result: 
configure:3112: checking whether we are cross compiling
configure:3120: gcc -o conftest    conftest.c  >&5
configure:3124: $? = 0
configure:3131: ./conftest
configure:3135: $? = 0
configure:3150: result: no
configure:3155: checking for suffix of object files
configure:3177: gcc -c   conftest.c >&5
configure:3181: $? = 0
configure:3202: result: o
configure:3206: checking whether we are using the GNU C compiler
configure:3225: gcc -c   conftest.c >&5
configure:3225: $? = 0
configure:3234: result: yes
configure:3243: checking whether gcc accepts -g
configure:3263: gcc -c -g  conftest.c >&5
configure:3263: $? = 0
configure:3304: result: yes
configure:3321: checking for gcc option to accept ISO C89
configure:3385: gcc  -c -g -O2  conftest.c >&5
configure:3385: $? = 0
configure:3398: result: none needed
configure:3429: checking for style of include used by make
configure:3457: result: GNU
configure:3482: checking dependency style of gcc
configure:3592: result: gcc3
configure:3614: checking how to run the C preprocessor
configure:3645: gcc -E  conftest.c
configure:3645: $? = 0
configure:3659: gcc -E  conftest.c
conftest.c:11:28: fatal error: ac_nonexistent.h: No such file or directory
 #include <ac_nonexistent.h>
                            ^
compilation terminated.
configure:3659: $? = 1
configure: failed program was:
| /* confdefs.h */
| #define PACKAGE_NAME "jpgtn"
| #define PACKAGE_TARNAME "jpgtn"
| #define PACKAGE_VERSION "2.07"
| #define PACKAGE_STRING "jpgtn 2.07"
| #define PACKAGE_BUGREPORT "jpgtn@madea.net"
| #define PACKAGE_URL ""
| #define PACKAGE "jpgtn"
| #define VERSION "2.07"
| /* end confdefs.h.  */
| #include <ac_nonexistent.h>
configure:3684: result: gcc -E
configure:3704: gcc -E  conftest.c
configure:3704: $? = 0
configure:3718: gcc -E  conftest.c
conftest.c:11:28: fatal error: ac_nonexistent.h: No such file or directory
 #include <ac_nonexistent.h>
                            ^
compilation terminated.
configure:3718: $? = 1
configure: failed program was:
| /* confdefs.h */
| #define PACKAGE_NAME "jpgtn"
| #define PACKAGE_TARNAME "jpgtn"
| #define PACKAGE_VERSION "2.07"
| #define PACKAGE_STRING "jpgtn 2.07"
| #define PACKAGE_BUGREPORT "jpgtn@madea.net"
| #define PACKAGE_URL ""
| #define PACKAGE "jpgtn"
| #define VERSION "2.07"
| /* end confdefs.h.  */
| #include <ac_nonexistent.h>
configure:3747: checking for grep that handles long lines and -e
configure:3805: result: /bin/grep
configure:3810: checking for egrep
configure:3872: result: /bin/grep -E
configure:3877: checking for ANSI C header files
configure:3897: gcc -c -g -O2  conftest.c >&5
configure:3897: $? = 0
configure:3970: gcc -o conftest -g -O2   conftest.c  >&5
configure:3970: $? = 0
configure:3970: ./conftest
configure:3970: $? = 0
configure:3981: result: yes
configure:3994: checking for sys/types.h
configure:3994: gcc -c -g -O2  conftest.c >&5
configure:3994: $? = 0
configure:3994: result: yes
configure:3994: checking for sys/stat.h
configure:3994: gcc -c -g -O2  conftest.c >&5
configure:3994: $? = 0
configure:3994: result: yes
configure:3994: checking for stdlib.h
configure:3994: gcc -c -g -O2  conftest.c >&5
configure:3994: $? = 0
configure:3994: result: yes
configure:3994: checking for string.h
configure:3994: gcc -c -g -O2  conftest.c >&5
configure:3994: $? = 0
configure:3994: result: yes
configure:3994: checking for memory.h
configure:3994: gcc -c -g -O2  conftest.c >&5
configure:3994: $? = 0
configure:3994: result: yes
configure:3994: checking for strings.h
configure:3994: gcc -c -g -O2  conftest.c >&5
configure:3994: $? = 0
configure:3994: result: yes
configure:3994: checking for inttypes.h
configure:3994: gcc -c -g -O2  conftest.c >&5
configure:3994: $? = 0
configure:3994: result: yes
configure:3994: checking for stdint.h
configure:3994: gcc -c -g -O2  conftest.c >&5
configure:3994: $? = 0
configure:3994: result: yes
configure:3994: checking for unistd.h
configure:3994: gcc -c -g -O2  conftest.c >&5
configure:3994: $? = 0
configure:3994: result: yes
configure:4009: checking getopt.h usability
configure:4009: gcc -c -g -O2  conftest.c >&5
configure:4009: $? = 0
configure:4009: result: yes
configure:4009: checking getopt.h presence
configure:4009: gcc -E  conftest.c
configure:4009: $? = 0
configure:4009: result: yes
configure:4009: checking for getopt.h
configure:4009: result: yes
configure:4009: checking errno.h usability
configure:4009: gcc -c -g -O2  conftest.c >&5
configure:4009: $? = 0
configure:4009: result: yes
configure:4009: checking errno.h presence
configure:4009: gcc -E  conftest.c
configure:4009: $? = 0
configure:4009: result: yes
configure:4009: checking for errno.h
configure:4009: result: yes
configure:4009: checking for strings.h
configure:4009: result: yes
configure:4009: checking for unistd.h
configure:4009: result: yes
configure:4009: checking setjmp.h usability
configure:4009: gcc -c -g -O2  conftest.c >&5
configure:4009: $? = 0
configure:4009: result: yes
configure:4009: checking setjmp.h presence
configure:4009: gcc -E  conftest.c
configure:4009: $? = 0
configure:4009: result: yes
configure:4009: checking for setjmp.h
configure:4009: result: yes
configure:4020: checking for an ANSI C-conforming const
configure:4085: gcc -c -g -O2  conftest.c >&5
configure:4085: $? = 0
configure:4092: result: yes
configure:4104: checking for stdlib.h
configure:4104: result: yes
configure:4114: checking for GNU libc compatible malloc
configure:4138: gcc -o conftest -g -O2   conftest.c  >&5
configure:4138: $? = 0
configure:4138: ./conftest
configure:4138: $? = 0
configure:4148: result: yes
configure:4169: checking whether lstat correctly handles trailing slash
configure:4195: gcc -o conftest -g -O2   conftest.c  >&5
configure:4195: $? = 0
configure:4195: ./conftest
configure:4195: $? = 0
configure:4212: result: yes
configure:4231: checking whether stat accepts an empty string
configure:4251: gcc -o conftest -g -O2   conftest.c  >&5
configure:4251: $? = 0
configure:4251: ./conftest
configure:4251: $? = 0
configure:4261: result: no
configure:4280: checking for calloc
configure:4280: gcc -o conftest -g -O2   conftest.c  >&5
conftest.c:52:6: warning: conflicting types for built-in function 'calloc'
 char calloc ();
      ^~~~~~
configure:4280: $? = 0
configure:4280: result: yes
configure:4280: checking for strdup
configure:4280: gcc -o conftest -g -O2   conftest.c  >&5
conftest.c:53:6: warning: conflicting types for built-in function 'strdup'
 char strdup ();
      ^~~~~~
configure:4280: $? = 0
configure:4280: result: yes
configure:4280: checking for strrchr
configure:4280: gcc -o conftest -g -O2   conftest.c  >&5
conftest.c:54:6: warning: conflicting types for built-in function 'strrchr'
 char strrchr ();
      ^~~~~~~
configure:4280: $? = 0
configure:4280: result: yes
configure:4280: checking for rindex
configure:4280: gcc -o conftest -g -O2   conftest.c  >&5
conftest.c:55:6: warning: conflicting types for built-in function 'rindex'
 char rindex ();
      ^~~~~~
configure:4280: $? = 0
configure:4280: result: yes
configure:4413: checking for jpeg_read_header in -ljpeg
configure:4438: gcc -o conftest -g -O2   conftest.c -ljpeg   >&5
configure:4438: $? = 0
configure:4447: result: yes
configure:4588: creating ./config.status

## ---------------------- ##
## Running config.status. ##
## ---------------------- ##

This file was extended by jpgtn config.status 2.07, which was
generated by GNU Autoconf 2.67.  Invocation command line was

  CONFIG_FILES    = 
  CONFIG_HEADERS  = 
  CONFIG_LINKS    = 
  CONFIG_COMMANDS = 
  $ ./config.status 

on debian

config.status:875: creating Makefile
config.status:875: creating src/Makefile
config.status:875: creating doc/Makefile
config.status:875: creating test/Makefile
config.status:875: creating src/replace/Makefile
config.status:875: creating src/config.h
config.status:1055: src/config.h is unchanged
config.status:1103: executing depfiles commands
config.status:1103: executing default commands

## ---------------- ##
## Cache variables. ##
## ---------------- ##

ac_cv_c_compiler_gnu=yes
ac_cv_c_const=yes
ac_cv_env_CC_set=
ac_cv_env_CC_value=
ac_cv_env_CFLAGS_set=
ac_cv_env_CFLAGS_value=
ac_cv_env_CPPFLAGS_set=
ac_cv_env_CPPFLAGS_value=
ac_cv_env_CPP_set=
ac_cv_env_CPP_value=
ac_cv_env_LDFLAGS_set=
ac_cv_env_LDFLAGS_value=
ac_cv_env_LIBS_set=
ac_cv_env_LIBS_value=
ac_cv_env_build_alias_set=
ac_cv_env_build_alias_value=
ac_cv_env_host_alias_set=
ac_cv_env_host_alias_value=
ac_cv_env_target_alias_set=
ac_cv_env_target_alias_value=
ac_cv_func_calloc=yes
ac_cv_func_lstat_dereferences_slashed_symlink=yes
ac_cv_func_malloc_0_nonnull=yes
ac_cv_func_rindex=yes
ac_cv_func_stat_empty_string_bug=no
ac_cv_func_strdup=yes
ac_cv_func_strrchr=yes
ac_cv_header_errno_h=yes
ac_cv_header_getopt_h=yes
ac_cv_header_inttypes_h=yes
ac_cv_header_memory_h=yes
ac_cv_header_setjmp_h=yes
ac_cv_header_stdc=yes
ac_cv_header_stdint_h=yes
ac_cv_header_stdlib_h=yes
ac_cv_header_string_h=yes
ac_cv_header_strings_h=yes
ac_cv_header_sys_stat_h=yes
ac_cv_header_sys_types_h=yes
ac_cv_header_unistd_h=yes
ac_cv_lib_jpeg_jpeg_read_header=yes
ac_cv_objext=o
ac_cv_path_EGREP='/bin/grep -E'
ac_cv_path_GREP=/bin/grep
ac_cv_path_install='/usr/bin/install -c'
ac_cv_path_mkdir=/bin/mkdir
ac_cv_prog_AWK=gawk
ac_cv_prog_CPP='gcc -E'
ac_cv_prog_ac_ct_CC=gcc
ac_cv_prog_cc_c89=
ac_cv_prog_cc_g=yes
ac_cv_prog_make_make_set=yes
am_cv_CC_dependencies_compiler_type=gcc3

## ----------------- ##
## Output variables. ##
## ----------------- ##

ACLOCAL='${SHELL} /home/andrea/Documenti/jpgtn/cfg/missing --run aclocal-1.11'
AMDEPBACKSLASH='\'
AMDEP_FALSE='#'
AMDEP_TRUE=''
AMTAR='${SHELL} /home/andrea/Documenti/jpgtn/cfg/missing --run tar'
AUTOCONF='${SHELL} /home/andrea/Documenti/jpgtn/cfg/missing --run autoconf'
AUTOHEADER='${SHELL} /home/andrea/Documenti/jpgtn/cfg/missing --run autoheader'
AUTOMAKE='${SHELL} /home/andrea/Documenti/jpgtn/cfg/missing --run automake-1.11'
AWK='gawk'
CC='gcc'
CCDEPMODE='depmode=gcc3'
CFLAGS='-g -O2'
CPP='gcc -E'
CPPFLAGS=''
CYGPATH_W='echo'
DEFS='-DHAVE_CONFIG_H'
DEPDIR='.deps'
ECHO_C=''
ECHO_N='-n'
ECHO_T=''
EGREP='/bin/grep -E'
EXEEXT=''
GREP='/bin/grep'
INSTALL_DATA='${INSTALL} -m 644'
INSTALL_PROGRAM='${INSTALL}'
INSTALL_SCRIPT='${INSTALL}'
INSTALL_STRIP_PROGRAM='$(install_sh) -c -s'
LDFLAGS=''
LIBOBJS=''
LIBS='-ljpeg '
LTLIBOBJS=''
MAKEINFO='${SHELL} /home/andrea/Documenti/jpgtn/cfg/missing --run makeinfo'
MKDIR_P='/bin/mkdir -p'
OBJEXT='o'
PACKAGE='jpgtn'
PACKAGE_BUGREPORT='jpgtn@madea.net'
PACKAGE_NAME='jpgtn'
PACKAGE_STRING='jpgtn 2.07'
PACKAGE_TARNAME='jpgtn'
PACKAGE_URL=''
PACKAGE_VERSION='2.07'
PATH_SEPARATOR=':'
SET_MAKE=''
SHELL='/bin/bash'
STRIP=''
VERSION='2.07'
ac_aux_dir='cfg'
ac_ct_CC='gcc'
am__EXEEXT_FALSE=''
am__EXEEXT_TRUE='#'
am__fastdepCC_FALSE='#'
am__fastdepCC_TRUE=''
am__include='include'
am__isrc=''
am__leading_dot='.'
am__quote=''
am__tar='${AMTAR} chof - "$$tardir"'
am__untar='${AMTAR} xf -'
bindir='${exec_prefix}/bin'
build_alias=''
datadir='${datarootdir}'
datarootdir='${prefix}/share'
docdir='${datarootdir}/doc/${PACKAGE_TARNAME}'
dvidir='${docdir}'
exec_prefix='${prefix}'
host_alias=''
htmldir='${docdir}'
includedir='${prefix}/include'
infodir='${datarootdir}/info'
install_sh='${SHELL} /home/andrea/Documenti/jpgtn/cfg/install-sh'
libdir='${exec_prefix}/lib'
libexecdir='${exec_prefix}/libexec'
localedir='${datarootdir}/locale'
localstatedir='${prefix}/var'
mandir='${datarootdir}/man'
mkdir_p='/bin/mkdir -p'
oldincludedir='/usr/include'
pdfdir='${docdir}'
prefix='/usr/local'
program_transform_name='s,x,x,'
psdir='${docdir}'
sbindir='${exec_prefix}/sbin'
sharedstatedir='${prefix}/com'
sysconfdir='${prefix}/etc'
target_alias=''

## ----------- ##
## confdefs.h. ##
## ----------- ##

/* confdefs.h */
#define PACKAGE_NAME "jpgtn"
#define PACKAGE_TARNAME "jpgtn"
#define PACKAGE_VERSION "2.07"
#define PACKAGE_STRING "jpgtn 2.07"
#define PACKAGE_BUGREPORT "jpgtn@madea.net"
#define PACKAGE_URL ""
#define PACKAGE "jpgtn"
#define VERSION "2.07"
#define STDC_HEADERS 1
#define HAVE_SYS_TYPES_H 1
#define HAVE_SYS_STAT_H 1
#define HAVE_STDLIB_H 1
#define HAVE_STRING_H 1
#define HAVE_MEMORY_H 1
#define HAVE_STRINGS_H 1
#define HAVE_INTTYPES_H 1
#define HAVE_STDINT_H 1
#define HAVE_UNISTD_H 1
#define HAVE_GETOPT_H 1
#define HAVE_ERRNO_H 1
#define HAVE_STRINGS_H 1
#define HAVE_UNISTD_H 1
#define HAVE_SETJMP_H 1
#define HAVE_STDLIB_H 1
#define HAVE_MALLOC 1
#define LSTAT_FOLLOWS_SLASHED_SYMLINK 1
#define HAVE_CALLOC 1
#define HAVE_STRDUP 1
#define HAVE_STRRCHR 1
#define HAVE_RINDEX 1
#define HAVE_LIBJPEG 1

configure: exit 0
